<?xml version="1.0" encoding="UTF-8"?>
<!-- Generated by org.testng.reporters.JUnitReportReporter -->
<testsuite hostname="jagadeesh-ThinkPad-L450" name="com.dw.api.automation.steps.MarketPlaceTest" tests="4" failures="0" timestamp="13 Dec 2017 11:20:33 GMT" time="8.363" errors="0">
  <testcase name="addAddOnwithFourLicenses" time="0.777" classname="com.dw.api.automation.steps.MarketPlaceTest"/>
  <testcase name="searchBaseProduct" time="0.532" classname="com.dw.api.automation.steps.MarketPlaceTest"/>
  <testcase name="login_to_application" time="3.687" classname="com.dw.api.automation.steps.MarketPlaceTest"/>
  <testcase name="addBaseProductWithThreeLicenses" time="3.367" classname="com.dw.api.automation.steps.MarketPlaceTest"/>
</testsuite> <!-- com.dw.api.automation.steps.MarketPlaceTest -->
