<?xml version="1.0" encoding="UTF-8"?>
<!-- Generated by org.testng.reporters.JUnitReportReporter -->
<testsuite hostname="jagadeesh-ThinkPad-L450" name="com.dw.api.automation.steps.CustomerTest" tests="6" failures="0" timestamp="13 Dec 2017 06:35:41 GMT" time="33.813" errors="0">
  <testcase name="getPartnerEntityid" time="0.409" classname="com.dw.api.automation.steps.CustomerTest"/>
  <testcase name="createNewCustomer" time="25.461" classname="com.dw.api.automation.steps.CustomerTest"/>
  <testcase name="approveCustomerFromBam" time="0.322" classname="com.dw.api.automation.steps.CustomerTest"/>
  <testcase name="login_to_application" time="3.589" classname="com.dw.api.automation.steps.CustomerTest"/>
  <testcase name="loginByBaM" time="3.669" classname="com.dw.api.automation.steps.CustomerTest"/>
  <testcase name="getCustomerId" time="0.363" classname="com.dw.api.automation.steps.CustomerTest"/>
</testsuite> <!-- com.dw.api.automation.steps.CustomerTest -->
