<?xml version="1.0" encoding="UTF-8"?>
<!-- Generated by org.testng.reporters.JUnitReportReporter -->
<testsuite hostname="RLE0517" name="com.dw.api.automation.steps.ExistingOrginsationApiTest" tests="1" failures="0" timestamp="28 Nov 2017 08:58:48 GMT" time="3.998" errors="0">
  <testcase name="login_to_application" time="3.998" classname="com.dw.api.automation.steps.ExistingOrginsationApiTest"/>
</testsuite> <!-- com.dw.api.automation.steps.ExistingOrginsationApiTest -->
