<?xml version="1.0" encoding="UTF-8"?>
<!-- Generated by org.testng.reporters.JUnitReportReporter -->
<testsuite hostname="RLE0517" name="com.dw.api.automation.TestScripts.AddNewPartnerOrgTest" tests="5" failures="0" timestamp="29 Dec 2017 13:53:09 GMT" time="28.387" errors="0">
  <testcase name="approveNewOrgByBAM" time="3.175" classname="com.dw.api.automation.TestScripts.AddNewPartnerOrgTest"/>
  <testcase name="loginAsPm" time="1.784" classname="com.dw.api.automation.TestScripts.AddNewPartnerOrgTest"/>
  <testcase name="verifyMpnId" time="8.213" classname="com.dw.api.automation.TestScripts.AddNewPartnerOrgTest"/>
  <testcase name="addNewPartnerOrganisation" time="10.327" classname="com.dw.api.automation.TestScripts.AddNewPartnerOrgTest"/>
  <testcase name="approveNewOrgByCA" time="4.888" classname="com.dw.api.automation.TestScripts.AddNewPartnerOrgTest"/>
</testsuite> <!-- com.dw.api.automation.TestScripts.AddNewPartnerOrgTest -->
