<?xml version="1.0" encoding="UTF-8"?>
<!-- Generated by org.testng.reporters.JUnitReportReporter -->
<testsuite hostname="jagadeesh-ThinkPad-L450" name="com.dw.api.automation.steps.OrganizationCreditRequestTest" tests="5" failures="0" timestamp="13 Dec 2017 12:48:21 GMT" time="161.598" errors="0">
  <testcase name="loginToCAuser" time="5.573" classname="com.dw.api.automation.steps.OrganizationCreditRequestTest"/>
  <testcase name="orgCreditRequestPM" time="150.898" classname="com.dw.api.automation.steps.OrganizationCreditRequestTest"/>
  <testcase name="orgCreditApproveCA" time="1.305" classname="com.dw.api.automation.steps.OrganizationCreditRequestTest"/>
  <testcase name="login_to_application" time="3.264" classname="com.dw.api.automation.steps.OrganizationCreditRequestTest"/>
  <testcase name="getPartnerEntityid" time="0.558" classname="com.dw.api.automation.steps.OrganizationCreditRequestTest"/>
</testsuite> <!-- com.dw.api.automation.steps.OrganizationCreditRequestTest -->
