<?xml version="1.0" encoding="UTF-8"?>
<!-- Generated by org.testng.reporters.JUnitReportReporter -->
<testsuite hostname="RLE0517" name="com.dw.api.automation.steps.AddNewPartnerOrganisationTest" tests="7" failures="0" timestamp="13 Dec 2017 13:11:20 GMT" time="32.314" errors="0">
  <testcase name="login_to_application" time="5.720" classname="com.dw.api.automation.steps.AddNewPartnerOrganisationTest"/>
  <testcase name="enter_mpn_id" time="9.616" classname="com.dw.api.automation.steps.AddNewPartnerOrganisationTest"/>
  <testcase name="orgApproveByBaM" time="3.529" classname="com.dw.api.automation.steps.AddNewPartnerOrganisationTest"/>
  <testcase name="orgBamSearch" time="1.281" classname="com.dw.api.automation.steps.AddNewPartnerOrganisationTest"/>
  <testcase name="orgApprovalByCA" time="0.438" classname="com.dw.api.automation.steps.AddNewPartnerOrganisationTest"/>
  <testcase name="addNewPartnerOrganisation" time="8.080" classname="com.dw.api.automation.steps.AddNewPartnerOrganisationTest"/>
  <testcase name="loginToCAuser" time="3.650" classname="com.dw.api.automation.steps.AddNewPartnerOrganisationTest"/>
</testsuite> <!-- com.dw.api.automation.steps.AddNewPartnerOrganisationTest -->
