<?xml version="1.0" encoding="UTF-8"?>
<!-- Generated by org.testng.reporters.JUnitReportReporter -->
<testsuite hostname="jagadeesh-ThinkPad-L450" name="com.dw.api.automation.steps.CreateCouponTest" tests="7" failures="0" timestamp="13 Dec 2017 11:20:33 GMT" time="8.760" errors="0">
  <testcase name="getCustomerId" time="0.373" classname="com.dw.api.automation.steps.CreateCouponTest"/>
  <testcase name="createCoupon" time="0.290" classname="com.dw.api.automation.steps.CreateCouponTest"/>
  <testcase name="login_to_application" time="3.768" classname="com.dw.api.automation.steps.CreateCouponTest"/>
  <testcase name="searchBaseProduct" time="0.495" classname="com.dw.api.automation.steps.CreateCouponTest"/>
  <testcase name="loginByBaM" time="3.106" classname="com.dw.api.automation.steps.CreateCouponTest"/>
  <testcase name="getPartnerEntityid" time="0.389" classname="com.dw.api.automation.steps.CreateCouponTest"/>
  <testcase name="getCouponCode" time="0.339" classname="com.dw.api.automation.steps.CreateCouponTest"/>
</testsuite> <!-- com.dw.api.automation.steps.CreateCouponTest -->
