<?xml version="1.0" encoding="UTF-8"?>
<!-- Generated by org.testng.reporters.JUnitReportReporter -->
<testsuite hostname="RLE0517" name="com.dw.api.automation.steps.AddNewPartnerOrganisation" tests="2" failures="0" timestamp="28 Nov 2017 13:45:26 GMT" time="16.873" errors="0">
  <testcase name="addNewPartnerOrganisation" time="11.899" classname="com.dw.api.automation.steps.AddNewPartnerOrganisation"/>
  <testcase name="login_to_application" time="4.974" classname="com.dw.api.automation.steps.AddNewPartnerOrganisation"/>
</testsuite> <!-- com.dw.api.automation.steps.AddNewPartnerOrganisation -->
