<?xml version="1.0" encoding="UTF-8"?>
<!-- Generated by org.testng.reporters.JUnitReportReporter -->
<testsuite hostname="RLE0517" name="com.dw.api.automation.steps.ExistingOrgApiTest" tests="2" failures="0" timestamp="28 Nov 2017 12:22:58 GMT" time="4.193" errors="0">
  <testcase name="login_to_application" time="3.089" classname="com.dw.api.automation.steps.ExistingOrgApiTest"/>
  <testcase name="validateExistingCustomer" time="1.104" classname="com.dw.api.automation.steps.ExistingOrgApiTest"/>
</testsuite> <!-- com.dw.api.automation.steps.ExistingOrgApiTest -->
