<?xml version="1.0" encoding="UTF-8"?>
<!-- Generated by org.testng.reporters.JUnitReportReporter -->
<testsuite hostname="RLE0517" name="com.dw.api.automation.steps.ValidateMpnTest" tests="2" failures="0" timestamp="29 Nov 2017 04:43:57 GMT" time="8.249" errors="0">
  <testcase name="enter_mpn_id" time="4.959" classname="com.dw.api.automation.steps.ValidateMpnTest"/>
  <testcase name="login_to_application" time="3.290" classname="com.dw.api.automation.steps.ValidateMpnTest"/>
</testsuite> <!-- com.dw.api.automation.steps.ValidateMpnTest -->
