<?xml version="1.0" encoding="UTF-8"?>
<!-- Generated by org.testng.reporters.JUnitReportReporter -->
<testsuite hostname="RLE0517" name="com.dw.api.automation.steps.MarketPlaceTest" tests="4" failures="0" timestamp="11 Dec 2017 12:16:06 GMT" time="14.794" errors="0">
  <testcase name="login_to_application" time="3.730" classname="com.dw.api.automation.steps.MarketPlaceTest"/>
  <testcase name="addAddOnwithFourLicenses" time="1.417" classname="com.dw.api.automation.steps.MarketPlaceTest"/>
  <testcase name="searchBaseProduct" time="0.453" classname="com.dw.api.automation.steps.MarketPlaceTest"/>
  <testcase name="addBaseProductWithThreeLicenses" time="9.194" classname="com.dw.api.automation.steps.MarketPlaceTest"/>
</testsuite> <!-- com.dw.api.automation.steps.MarketPlaceTest -->
