<?xml version="1.0" encoding="UTF-8"?>
<!-- Generated by org.testng.reporters.JUnitReportReporter -->
<testsuite hostname="RLE0517" name="com.dw.api.automation.steps.ValidateMpnTest" tests="3" failures="0" timestamp="28 Nov 2017 05:47:55 GMT" time="5.257" errors="0">
  <testcase name="login_to_application" time="4.804" classname="com.dw.api.automation.steps.ValidateMpnTest"/>
  <testcase name="enter_mpn_id" time="0.453" classname="com.dw.api.automation.steps.ValidateMpnTest"/>
  <testcase name="mpn_id_is_validated" time="0.000" classname="com.dw.api.automation.steps.ValidateMpnTest"/>
</testsuite> <!-- com.dw.api.automation.steps.ValidateMpnTest -->
