<?xml version="1.0" encoding="UTF-8"?>
<!-- Generated by org.testng.reporters.JUnitReportReporter -->
<testsuite hostname="RLE0517" name="com.dw.api.automation.steps.ExistingOrgApiTest" tests="4" failures="0" timestamp="11 Dec 2017 11:43:19 GMT" time="6.054" errors="0">
  <testcase name="validateExistingCustomerWithWrongOrganisationName" time="0.742" classname="com.dw.api.automation.steps.ExistingOrgApiTest"/>
  <testcase name="login_to_application" time="3.640" classname="com.dw.api.automation.steps.ExistingOrgApiTest"/>
  <testcase name="validateExistingCustomerWithWrongCompanyCode" time="0.735" classname="com.dw.api.automation.steps.ExistingOrgApiTest"/>
  <testcase name="validateExistingCustomer" time="0.937" classname="com.dw.api.automation.steps.ExistingOrgApiTest"/>
</testsuite> <!-- com.dw.api.automation.steps.ExistingOrgApiTest -->
