<?xml version="1.0" encoding="UTF-8"?>
<!-- Generated by org.testng.reporters.JUnitReportReporter -->
<testsuite hostname="RLE0517" name="com.dw.api.automation.steps.ValidateMpnTest" tests="3" failures="0" timestamp="28 Nov 2017 12:22:58 GMT" time="17.271" errors="0">
  <testcase name="login_to_application" time="4.720" classname="com.dw.api.automation.steps.ValidateMpnTest"/>
  <testcase name="mpn_id_is_validated" time="0.016" classname="com.dw.api.automation.steps.ValidateMpnTest"/>
  <testcase name="enter_mpn_id" time="12.535" classname="com.dw.api.automation.steps.ValidateMpnTest"/>
</testsuite> <!-- com.dw.api.automation.steps.ValidateMpnTest -->
