<?xml version="1.0" encoding="UTF-8"?>
<!-- Generated by org.testng.reporters.JUnitReportReporter -->
<testsuite hostname="RLE0517" name="com.dw.api.automation.steps.MarketPlaceTest" tests="5" failures="0" timestamp="14 Dec 2017 13:44:00 GMT" time="49.623" errors="0">
  <testcase name="login_to_application" time="3.327" classname="com.dw.api.automation.steps.MarketPlaceTest"/>
  <testcase name="placeOrder" time="6.445" classname="com.dw.api.automation.steps.MarketPlaceTest"/>
  <testcase name="searchBaseProduct" time="0.615" classname="com.dw.api.automation.steps.MarketPlaceTest"/>
  <testcase name="orderProvision" time="33.510" classname="com.dw.api.automation.steps.MarketPlaceTest"/>
  <testcase name="addBaseProductWithFourLicenses" time="5.726" classname="com.dw.api.automation.steps.MarketPlaceTest"/>
</testsuite> <!-- com.dw.api.automation.steps.MarketPlaceTest -->
