<?xml version="1.0" encoding="UTF-8"?>
<!-- Generated by org.testng.reporters.JUnitReportReporter -->
<testsuite hostname="jagadeesh-ThinkPad-L450" name="com.dw.api.automation.steps.AddNewPartnerOrganisationTest" tests="7" failures="0" timestamp="13 Dec 2017 06:35:41 GMT" time="26.785" errors="0">
  <testcase name="orgApprovalByCA" time="0.353" classname="com.dw.api.automation.steps.AddNewPartnerOrganisationTest"/>
  <testcase name="login_to_application" time="5.432" classname="com.dw.api.automation.steps.AddNewPartnerOrganisationTest"/>
  <testcase name="loginToCAuser" time="3.477" classname="com.dw.api.automation.steps.AddNewPartnerOrganisationTest"/>
  <testcase name="orgApproveByBaM" time="3.445" classname="com.dw.api.automation.steps.AddNewPartnerOrganisationTest"/>
  <testcase name="orgBamSearch" time="1.077" classname="com.dw.api.automation.steps.AddNewPartnerOrganisationTest"/>
  <testcase name="enter_mpn_id" time="5.387" classname="com.dw.api.automation.steps.AddNewPartnerOrganisationTest"/>
  <testcase name="addNewPartnerOrganisation" time="7.614" classname="com.dw.api.automation.steps.AddNewPartnerOrganisationTest"/>
</testsuite> <!-- com.dw.api.automation.steps.AddNewPartnerOrganisationTest -->
