<?xml version="1.0" encoding="UTF-8"?>
<!-- Generated by org.testng.reporters.JUnitReportReporter -->
<testsuite hostname="jagadeesh-ThinkPad-L450" name="com.dw.api.automation.steps.OrganizationCreditRequestTest" tests="5" failures="0" timestamp="13 Dec 2017 11:20:33 GMT" time="8.809" errors="0">
  <testcase name="loginToCAuser" time="4.508" classname="com.dw.api.automation.steps.OrganizationCreditRequestTest"/>
  <testcase name="login_to_application" time="3.283" classname="com.dw.api.automation.steps.OrganizationCreditRequestTest"/>
  <testcase name="orgCreditRequestPM" time="0.294" classname="com.dw.api.automation.steps.OrganizationCreditRequestTest"/>
  <testcase name="orgCreditApproveCA" time="0.294" classname="com.dw.api.automation.steps.OrganizationCreditRequestTest"/>
  <testcase name="getPartnerEntityid" time="0.430" classname="com.dw.api.automation.steps.OrganizationCreditRequestTest"/>
</testsuite> <!-- com.dw.api.automation.steps.OrganizationCreditRequestTest -->
