<?xml version="1.0" encoding="UTF-8"?>
<!-- Generated by org.testng.reporters.JUnitReportReporter -->
<testsuite hostname="RLE0517" name="com.dw.api.automation.steps.CreateCouponTest" tests="7" failures="0" timestamp="14 Dec 2017 13:44:00 GMT" time="9.244" errors="0">
  <testcase name="getCustomerId" time="0.408" classname="com.dw.api.automation.steps.CreateCouponTest"/>
  <testcase name="createCoupon" time="0.508" classname="com.dw.api.automation.steps.CreateCouponTest"/>
  <testcase name="login_to_application" time="3.850" classname="com.dw.api.automation.steps.CreateCouponTest"/>
  <testcase name="searchBaseProduct" time="0.515" classname="com.dw.api.automation.steps.CreateCouponTest"/>
  <testcase name="getCouponCode" time="0.386" classname="com.dw.api.automation.steps.CreateCouponTest"/>
  <testcase name="getPartnerEntityid" time="0.511" classname="com.dw.api.automation.steps.CreateCouponTest"/>
  <testcase name="loginByBaM" time="3.066" classname="com.dw.api.automation.steps.CreateCouponTest"/>
</testsuite> <!-- com.dw.api.automation.steps.CreateCouponTest -->
