<?xml version="1.0" encoding="UTF-8"?>
<!-- Generated by org.testng.reporters.JUnitReportReporter -->
<testsuite hostname="RLE0517" name="com.dw.api.automation.steps.ExistingOrgApiTest" tests="5" failures="0" timestamp="29 Nov 2017 05:55:19 GMT" time="14.968" errors="0">
  <testcase name="validateExistingCustomerWithWrongCompanyCode" time="2.094" classname="com.dw.api.automation.steps.ExistingOrgApiTest"/>
  <testcase name="login_to_application" time="4.517" classname="com.dw.api.automation.steps.ExistingOrgApiTest"/>
  <testcase name="validateExistingCustomerWithWrongOrganisationName" time="0.625" classname="com.dw.api.automation.steps.ExistingOrgApiTest"/>
  <testcase name="editExistingCustomer" time="6.736" classname="com.dw.api.automation.steps.ExistingOrgApiTest"/>
  <testcase name="validateExistingCustomer" time="0.996" classname="com.dw.api.automation.steps.ExistingOrgApiTest"/>
</testsuite> <!-- com.dw.api.automation.steps.ExistingOrgApiTest -->
