<?xml version="1.0" encoding="UTF-8"?>
<!-- Generated by org.testng.reporters.JUnitReportReporter -->
<testsuite hostname="jagadeesh-ThinkPad-L450" name="com.dw.api.automation.steps.CustomerTest" tests="6" failures="0" timestamp="13 Dec 2017 11:20:33 GMT" time="26.240" errors="0">
  <testcase name="getPartnerEntityid" time="0.530" classname="com.dw.api.automation.steps.CustomerTest"/>
  <testcase name="approveCustomerFromBam" time="0.325" classname="com.dw.api.automation.steps.CustomerTest"/>
  <testcase name="login_to_application" time="4.140" classname="com.dw.api.automation.steps.CustomerTest"/>
  <testcase name="loginByBaM" time="3.996" classname="com.dw.api.automation.steps.CustomerTest"/>
  <testcase name="createNewCustomer" time="16.869" classname="com.dw.api.automation.steps.CustomerTest"/>
  <testcase name="getCustomerId" time="0.380" classname="com.dw.api.automation.steps.CustomerTest"/>
</testsuite> <!-- com.dw.api.automation.steps.CustomerTest -->
