<?xml version="1.0" encoding="UTF-8"?>
<!-- Generated by org.testng.reporters.JUnitReportReporter -->
<testsuite hostname="RLE0517" name="com.dw.api.automation.steps.ExistingOrgApiTest" tests="5" failures="0" timestamp="30 Nov 2017 13:48:27 GMT" time="9.747" errors="0">
  <testcase name="login_to_application" time="4.575" classname="com.dw.api.automation.steps.ExistingOrgApiTest"/>
  <testcase name="validateExistingCustomerWithWrongOrganisationName" time="2.349" classname="com.dw.api.automation.steps.ExistingOrgApiTest"/>
  <testcase name="validateExistingCustomer" time="0.984" classname="com.dw.api.automation.steps.ExistingOrgApiTest"/>
  <testcase name="editExistingCustomer" time="1.134" classname="com.dw.api.automation.steps.ExistingOrgApiTest"/>
  <testcase name="validateExistingCustomerWithWrongCompanyCode" time="0.705" classname="com.dw.api.automation.steps.ExistingOrgApiTest"/>
</testsuite> <!-- com.dw.api.automation.steps.ExistingOrgApiTest -->
