<?xml version="1.0" encoding="UTF-8"?>
<!-- Generated by org.testng.reporters.JUnitReportReporter -->
<testsuite hostname="RLE0517" name="com.dw.api.automation.TestScripts.LoginTest" tests="3" failures="0" timestamp="29 Dec 2017 13:53:09 GMT" time="8.185" errors="0">
  <testcase name="loginAsPM" time="4.361" classname="com.dw.api.automation.TestScripts.LoginTest"/>
  <testcase name="loginAsCA" time="1.851" classname="com.dw.api.automation.TestScripts.LoginTest"/>
  <testcase name="loginAsBAM" time="1.973" classname="com.dw.api.automation.TestScripts.LoginTest"/>
</testsuite> <!-- com.dw.api.automation.TestScripts.LoginTest -->
