<?xml version="1.0" encoding="UTF-8"?>
<!-- Generated by org.testng.reporters.JUnitReportReporter -->
<testsuite hostname="RLE0517" name="com.dw.api.automation.steps.ValidateMpnTest" tests="3" failures="0" timestamp="28 Nov 2017 12:18:55 GMT" time="11.226" errors="0">
  <testcase name="login_to_application" time="4.916" classname="com.dw.api.automation.steps.ValidateMpnTest"/>
  <testcase name="mpn_id_is_validated" time="0.000" classname="com.dw.api.automation.steps.ValidateMpnTest"/>
  <testcase name="enter_mpn_id" time="6.310" classname="com.dw.api.automation.steps.ValidateMpnTest"/>
</testsuite> <!-- com.dw.api.automation.steps.ValidateMpnTest -->
