<?xml version="1.0" encoding="UTF-8"?>
<!-- Generated by org.testng.reporters.JUnitReportReporter -->
<testsuite hostname="RLE0517" name="com.dw.api.automation.TestScripts.MarketPlaceAndContractManagementTest" tests="4" failures="0" timestamp="29 Dec 2017 13:53:09 GMT" time="25.740" errors="0">
  <testcase name="loginAsPm" time="2.128" classname="com.dw.api.automation.TestScripts.MarketPlaceAndContractManagementTest"/>
  <testcase name="addAddOnProductWithOneLicenses" time="4.788" classname="com.dw.api.automation.TestScripts.MarketPlaceAndContractManagementTest"/>
  <testcase name="addBaseProductWithTwoLicenses" time="7.345" classname="com.dw.api.automation.TestScripts.MarketPlaceAndContractManagementTest"/>
  <testcase name="placeOrder" time="11.479" classname="com.dw.api.automation.TestScripts.MarketPlaceAndContractManagementTest"/>
</testsuite> <!-- com.dw.api.automation.TestScripts.MarketPlaceAndContractManagementTest -->
