<?xml version="1.0" encoding="UTF-8"?>
<!-- Generated by org.testng.reporters.JUnitReportReporter -->
<testsuite hostname="jagadeesh-ThinkPad-L450" name="com.dw.api.automation.steps.CreateCouponTest" tests="7" failures="0" timestamp="13 Dec 2017 12:48:21 GMT" time="22.225" errors="0">
  <testcase name="createCoupon" time="1.226" classname="com.dw.api.automation.steps.CreateCouponTest"/>
  <testcase name="getCouponCode" time="2.120" classname="com.dw.api.automation.steps.CreateCouponTest"/>
  <testcase name="getPartnerEntityid" time="4.377" classname="com.dw.api.automation.steps.CreateCouponTest"/>
  <testcase name="searchBaseProduct" time="2.261" classname="com.dw.api.automation.steps.CreateCouponTest"/>
  <testcase name="login_to_application" time="5.357" classname="com.dw.api.automation.steps.CreateCouponTest"/>
  <testcase name="getCustomerId" time="2.125" classname="com.dw.api.automation.steps.CreateCouponTest"/>
  <testcase name="loginByBaM" time="4.759" classname="com.dw.api.automation.steps.CreateCouponTest"/>
</testsuite> <!-- com.dw.api.automation.steps.CreateCouponTest -->
