<?xml version="1.0" encoding="UTF-8"?>
<!-- Generated by org.testng.reporters.JUnitReportReporter -->
<testsuite hostname="RLE0517" name="com.dw.api.automation.steps.AddNewPartnerOrganisationTest" tests="7" failures="0" timestamp="14 Dec 2017 13:44:00 GMT" time="30.059" errors="0">
  <testcase name="loginToCAuser" time="3.790" classname="com.dw.api.automation.steps.AddNewPartnerOrganisationTest"/>
  <testcase name="enter_mpn_id" time="6.902" classname="com.dw.api.automation.steps.AddNewPartnerOrganisationTest"/>
  <testcase name="login_to_application" time="6.076" classname="com.dw.api.automation.steps.AddNewPartnerOrganisationTest"/>
  <testcase name="orgApprovalByCA" time="0.404" classname="com.dw.api.automation.steps.AddNewPartnerOrganisationTest"/>
  <testcase name="orgApproveByBaM" time="3.461" classname="com.dw.api.automation.steps.AddNewPartnerOrganisationTest"/>
  <testcase name="orgBamSearch" time="1.441" classname="com.dw.api.automation.steps.AddNewPartnerOrganisationTest"/>
  <testcase name="addNewPartnerOrganisation" time="7.985" classname="com.dw.api.automation.steps.AddNewPartnerOrganisationTest"/>
</testsuite> <!-- com.dw.api.automation.steps.AddNewPartnerOrganisationTest -->
