<?xml version="1.0" encoding="UTF-8"?>
<!-- Generated by org.testng.reporters.JUnitReportReporter -->
<testsuite hostname="jagadeesh-ThinkPad-L450" name="com.dw.api.automation.steps.CustomerSpendLimitTest" tests="3" failures="0" timestamp="13 Dec 2017 11:20:33 GMT" time="7.275" errors="0">
  <testcase name="getCustomerId" time="2.413" classname="com.dw.api.automation.steps.CustomerSpendLimitTest"/>
  <testcase name="updateCustomerSpendlimit" time="0.357" classname="com.dw.api.automation.steps.CustomerSpendLimitTest"/>
  <testcase name="login_to_application" time="4.505" classname="com.dw.api.automation.steps.CustomerSpendLimitTest"/>
</testsuite> <!-- com.dw.api.automation.steps.CustomerSpendLimitTest -->
