<?xml version="1.0" encoding="UTF-8"?>
<!-- Generated by org.testng.reporters.JUnitReportReporter -->
<testsuite hostname="RLE0517" name="com.dw.api.automation.steps.CustomerTest" tests="6" failures="0" timestamp="11 Dec 2017 12:16:06 GMT" time="48.959" errors="0">
  <testcase name="getCustomerId" time="0.350" classname="com.dw.api.automation.steps.CustomerTest"/>
  <testcase name="getPartnerEntityid" time="0.921" classname="com.dw.api.automation.steps.CustomerTest"/>
  <testcase name="loginByBaM" time="3.662" classname="com.dw.api.automation.steps.CustomerTest"/>
  <testcase name="login_to_application" time="4.267" classname="com.dw.api.automation.steps.CustomerTest"/>
  <testcase name="createNewCustomer" time="39.391" classname="com.dw.api.automation.steps.CustomerTest"/>
  <testcase name="approveCustomerFromBam" time="0.368" classname="com.dw.api.automation.steps.CustomerTest"/>
</testsuite> <!-- com.dw.api.automation.steps.CustomerTest -->
