<?xml version="1.0" encoding="UTF-8"?>
<!-- Generated by org.testng.reporters.JUnitReportReporter -->
<testsuite hostname="RLE0517" name="com.dw.api.automation.steps.CustomerSpendLimitTest" tests="3" failures="0" timestamp="14 Dec 2017 13:44:00 GMT" time="4.455" errors="0">
  <testcase name="updateCustomerSpendlimit" time="0.332" classname="com.dw.api.automation.steps.CustomerSpendLimitTest"/>
  <testcase name="login_to_application" time="3.713" classname="com.dw.api.automation.steps.CustomerSpendLimitTest"/>
  <testcase name="getCustomerId" time="0.410" classname="com.dw.api.automation.steps.CustomerSpendLimitTest"/>
</testsuite> <!-- com.dw.api.automation.steps.CustomerSpendLimitTest -->
