<?xml version="1.0" encoding="UTF-8"?>
<!-- Generated by org.testng.reporters.JUnitReportReporter -->
<testsuite hostname="RLE0517" name="com.dw.api.automation.steps.ValidateMpnTest" tests="2" failures="0" timestamp="28 Nov 2017 14:57:22 GMT" time="9.442" errors="0">
  <testcase name="enter_mpn_id" time="6.232" classname="com.dw.api.automation.steps.ValidateMpnTest"/>
  <testcase name="login_to_application" time="3.210" classname="com.dw.api.automation.steps.ValidateMpnTest"/>
</testsuite> <!-- com.dw.api.automation.steps.ValidateMpnTest -->
