<?xml version="1.0" encoding="UTF-8"?>
<!-- Generated by org.testng.reporters.JUnitReportReporter -->
<testsuite hostname="RLE0517" name="com.dw.api.automation.TestScripts.OrderProvisonTest" tests="2" failures="0" timestamp="29 Dec 2017 13:53:09 GMT" time="6.368" errors="0">
  <testcase name="orderProvisionForBaseProduct" time="4.657" classname="com.dw.api.automation.TestScripts.OrderProvisonTest"/>
  <testcase name="loginAsPm" time="1.711" classname="com.dw.api.automation.TestScripts.OrderProvisonTest"/>
</testsuite> <!-- com.dw.api.automation.TestScripts.OrderProvisonTest -->
