<?xml version="1.0" encoding="UTF-8"?>
<!-- Generated by org.testng.reporters.JUnitReportReporter -->
<testsuite hostname="RLE0517" name="com.dw.api.automation.TestScripts.CustomerOnBoardingTest" tests="8" failures="0" timestamp="29 Dec 2017 13:53:09 GMT" time="50.036" errors="0">
  <testcase name="loginAsPm" time="2.150" classname="com.dw.api.automation.TestScripts.CustomerOnBoardingTest"/>
  <testcase name="createNewCustomer" time="19.977" classname="com.dw.api.automation.TestScripts.CustomerOnBoardingTest"/>
  <testcase name="verifyMpnId" time="7.371" classname="com.dw.api.automation.TestScripts.CustomerOnBoardingTest"/>
  <testcase name="approveNewCustomerFromBam" time="1.982" classname="com.dw.api.automation.TestScripts.CustomerOnBoardingTest"/>
  <testcase name="approveNewOrgByBAM" time="2.611" classname="com.dw.api.automation.TestScripts.CustomerOnBoardingTest"/>
  <testcase name="approveNewOrgByCA" time="4.994" classname="com.dw.api.automation.TestScripts.CustomerOnBoardingTest"/>
  <testcase name="getCustomerId" time="2.252" classname="com.dw.api.automation.TestScripts.CustomerOnBoardingTest"/>
  <testcase name="addNewPartnerOrganisation" time="8.699" classname="com.dw.api.automation.TestScripts.CustomerOnBoardingTest"/>
</testsuite> <!-- com.dw.api.automation.TestScripts.CustomerOnBoardingTest -->
