<?xml version="1.0" encoding="UTF-8"?>
<!-- Generated by org.testng.reporters.JUnitReportReporter -->
<testsuite hostname="RLE0517" name="com.dw.api.automation.steps.OrganizationCreditRequestTest" tests="10" failures="0" timestamp="14 Dec 2017 13:44:00 GMT" time="17.674" errors="0">
  <testcase name="orgCreditApproveCA" time="0.360" classname="com.dw.api.automation.steps.OrganizationCreditRequestTest"/>
  <testcase name="orgCreditRequestPM" time="0.402" classname="com.dw.api.automation.steps.OrganizationCreditRequestTest"/>
  <testcase name="loginToCAuser" time="3.585" classname="com.dw.api.automation.steps.OrganizationCreditRequestTest"/>
  <testcase name="getPartnerEntityid" time="0.508" classname="com.dw.api.automation.steps.OrganizationCreditRequestTest"/>
  <testcase name="loginToCAuser" time="3.734" classname="com.dw.api.automation.steps.OrganizationCreditRequestTest"/>
  <testcase name="getPartnerEntityid" time="0.481" classname="com.dw.api.automation.steps.OrganizationCreditRequestTest"/>
  <testcase name="login_to_application" time="4.065" classname="com.dw.api.automation.steps.OrganizationCreditRequestTest"/>
  <testcase name="login_to_application" time="3.733" classname="com.dw.api.automation.steps.OrganizationCreditRequestTest"/>
  <testcase name="orgCreditApproveCA" time="0.404" classname="com.dw.api.automation.steps.OrganizationCreditRequestTest"/>
  <testcase name="orgCreditRequestPM" time="0.402" classname="com.dw.api.automation.steps.OrganizationCreditRequestTest"/>
</testsuite> <!-- com.dw.api.automation.steps.OrganizationCreditRequestTest -->
