<?xml version="1.0" encoding="UTF-8"?>
<!-- Generated by org.testng.reporters.JUnitReportReporter -->
<testsuite hostname="RLE0517" name="com.dw.api.automation.steps.AddNewPartnerOrganisationTest" tests="7" failures="0" timestamp="11 Dec 2017 12:16:06 GMT" time="31.425" errors="0">
  <testcase name="orgApproveByBaM" time="3.666" classname="com.dw.api.automation.steps.AddNewPartnerOrganisationTest"/>
  <testcase name="loginToCAuser" time="3.658" classname="com.dw.api.automation.steps.AddNewPartnerOrganisationTest"/>
  <testcase name="addNewPartnerOrganisation" time="7.883" classname="com.dw.api.automation.steps.AddNewPartnerOrganisationTest"/>
  <testcase name="orgBamSearch" time="1.017" classname="com.dw.api.automation.steps.AddNewPartnerOrganisationTest"/>
  <testcase name="orgApprovalByCA" time="0.356" classname="com.dw.api.automation.steps.AddNewPartnerOrganisationTest"/>
  <testcase name="login_to_application" time="6.547" classname="com.dw.api.automation.steps.AddNewPartnerOrganisationTest"/>
  <testcase name="enter_mpn_id" time="8.298" classname="com.dw.api.automation.steps.AddNewPartnerOrganisationTest"/>
</testsuite> <!-- com.dw.api.automation.steps.AddNewPartnerOrganisationTest -->
