<?xml version="1.0" encoding="UTF-8"?>
<!-- Generated by org.testng.reporters.JUnitReportReporter -->
<testsuite hostname="RLE0517" name="com.dw.api.automation.steps.AddNewPartnerOrganisationTest" tests="7" failures="0" timestamp="5 Dec 2017 14:04:49 GMT" time="29.213" errors="0">
  <testcase name="loginToCAuser" time="3.521" classname="com.dw.api.automation.steps.AddNewPartnerOrganisationTest"/>
  <testcase name="orgBamSearch" time="1.086" classname="com.dw.api.automation.steps.AddNewPartnerOrganisationTest"/>
  <testcase name="orgApproveByBaM" time="3.309" classname="com.dw.api.automation.steps.AddNewPartnerOrganisationTest"/>
  <testcase name="login_to_application" time="5.359" classname="com.dw.api.automation.steps.AddNewPartnerOrganisationTest"/>
  <testcase name="orgApprovalByCA" time="0.344" classname="com.dw.api.automation.steps.AddNewPartnerOrganisationTest"/>
  <testcase name="enter_mpn_id" time="6.852" classname="com.dw.api.automation.steps.AddNewPartnerOrganisationTest"/>
  <testcase name="addNewPartnerOrganisation" time="8.742" classname="com.dw.api.automation.steps.AddNewPartnerOrganisationTest"/>
</testsuite> <!-- com.dw.api.automation.steps.AddNewPartnerOrganisationTest -->
