<?xml version="1.0" encoding="UTF-8"?>
<!-- Generated by org.testng.reporters.JUnitReportReporter -->
<testsuite hostname="RLE0517" name="com.dw.api.automation.steps.CustomerTest" tests="6" failures="0" timestamp="6 Dec 2017 10:16:55 GMT" time="38.492" errors="0">
  <testcase name="getCustomerId" time="0.328" classname="com.dw.api.automation.steps.CustomerTest"/>
  <testcase name="getPartnerEntityid" time="0.441" classname="com.dw.api.automation.steps.CustomerTest"/>
  <testcase name="approveCustomerFromBam" time="0.344" classname="com.dw.api.automation.steps.CustomerTest"/>
  <testcase name="loginByBaM" time="3.093" classname="com.dw.api.automation.steps.CustomerTest"/>
  <testcase name="login_to_application" time="3.450" classname="com.dw.api.automation.steps.CustomerTest"/>
  <testcase name="createNewCustomer" time="30.836" classname="com.dw.api.automation.steps.CustomerTest"/>
</testsuite> <!-- com.dw.api.automation.steps.CustomerTest -->
