<?xml version="1.0" encoding="UTF-8"?>
<!-- Generated by org.testng.reporters.JUnitReportReporter -->
<testsuite hostname="RLE0517" name="com.dw.api.automation.steps.CustomerTest" tests="3" failures="0" timestamp="5 Dec 2017 14:04:49 GMT" time="33.410" errors="0">
  <testcase name="getPartnerEntityid" time="0.797" classname="com.dw.api.automation.steps.CustomerTest"/>
  <testcase name="createNewCustomer" time="29.172" classname="com.dw.api.automation.steps.CustomerTest"/>
  <testcase name="login_to_application" time="3.441" classname="com.dw.api.automation.steps.CustomerTest"/>
</testsuite> <!-- com.dw.api.automation.steps.CustomerTest -->
