<?xml version="1.0" encoding="UTF-8"?>
<!-- Generated by org.testng.reporters.JUnitReportReporter -->
<testsuite hostname="jagadeesh-ThinkPad-L450" name="com.dw.api.automation.steps.CustomerSpendLimitTest" tests="3" failures="0" timestamp="13 Dec 2017 12:48:21 GMT" time="8.669" errors="0">
  <testcase name="getCustomerId" time="2.073" classname="com.dw.api.automation.steps.CustomerSpendLimitTest"/>
  <testcase name="updateCustomerSpendlimit" time="1.235" classname="com.dw.api.automation.steps.CustomerSpendLimitTest"/>
  <testcase name="login_to_application" time="5.361" classname="com.dw.api.automation.steps.CustomerSpendLimitTest"/>
</testsuite> <!-- com.dw.api.automation.steps.CustomerSpendLimitTest -->
