<?xml version="1.0" encoding="UTF-8"?>
<!-- Generated by org.testng.reporters.JUnitReportReporter -->
<testsuite hostname="jagadeesh-ThinkPad-L450" name="com.dw.api.automation.steps.CreateCouponTest" tests="7" failures="0" timestamp="13 Dec 2017 06:35:41 GMT" time="8.530" errors="0">
  <testcase name="getPartnerEntityid" time="0.382" classname="com.dw.api.automation.steps.CreateCouponTest"/>
  <testcase name="getCustomerId" time="0.321" classname="com.dw.api.automation.steps.CreateCouponTest"/>
  <testcase name="searchBaseProduct" time="0.395" classname="com.dw.api.automation.steps.CreateCouponTest"/>
  <testcase name="createCoupon" time="0.270" classname="com.dw.api.automation.steps.CreateCouponTest"/>
  <testcase name="getCouponCode" time="0.811" classname="com.dw.api.automation.steps.CreateCouponTest"/>
  <testcase name="loginByBaM" time="3.004" classname="com.dw.api.automation.steps.CreateCouponTest"/>
  <testcase name="login_to_application" time="3.347" classname="com.dw.api.automation.steps.CreateCouponTest"/>
</testsuite> <!-- com.dw.api.automation.steps.CreateCouponTest -->
