<?xml version="1.0" encoding="UTF-8"?>
<!-- Generated by org.testng.reporters.JUnitReportReporter -->
<testsuite hostname="RLE0517" name="com.dw.api.automation.test.DevTest" tests="1" failures="0" timestamp="4 Dec 2017 13:50:07 GMT" time="4.169" errors="0">
  <testcase name="login_to_application" time="4.169" classname="com.dw.api.automation.test.DevTest"/>
</testsuite> <!-- com.dw.api.automation.test.DevTest -->
