<?xml version="1.0" encoding="UTF-8"?>
<!-- Generated by org.testng.reporters.JUnitReportReporter -->
<testsuite hostname="jagadeesh-ThinkPad-L450" name="com.dw.api.automation.steps.CustomerTest" tests="6" failures="0" timestamp="13 Dec 2017 12:48:21 GMT" time="34.023" errors="0">
  <testcase name="loginByBaM" time="3.379" classname="com.dw.api.automation.steps.CustomerTest"/>
  <testcase name="getPartnerEntityid" time="0.590" classname="com.dw.api.automation.steps.CustomerTest"/>
  <testcase name="approveCustomerFromBam" time="0.357" classname="com.dw.api.automation.steps.CustomerTest"/>
  <testcase name="createNewCustomer" time="25.577" classname="com.dw.api.automation.steps.CustomerTest"/>
  <testcase name="getCustomerId" time="0.411" classname="com.dw.api.automation.steps.CustomerTest"/>
  <testcase name="login_to_application" time="3.709" classname="com.dw.api.automation.steps.CustomerTest"/>
</testsuite> <!-- com.dw.api.automation.steps.CustomerTest -->
