<?xml version="1.0" encoding="UTF-8"?>
<!-- Generated by org.testng.reporters.JUnitReportReporter -->
<testsuite hostname="RLE0517" name="com.dw.api.automation.steps.CustomerTest" tests="6" failures="0" timestamp="14 Dec 2017 13:44:00 GMT" time="34.220" errors="0">
  <testcase name="createNewCustomer" time="24.462" classname="com.dw.api.automation.steps.CustomerTest"/>
  <testcase name="loginByBaM" time="3.788" classname="com.dw.api.automation.steps.CustomerTest"/>
  <testcase name="login_to_application" time="3.888" classname="com.dw.api.automation.steps.CustomerTest"/>
  <testcase name="getPartnerEntityid" time="1.131" classname="com.dw.api.automation.steps.CustomerTest"/>
  <testcase name="getCustomerId" time="0.507" classname="com.dw.api.automation.steps.CustomerTest"/>
  <testcase name="approveCustomerFromBam" time="0.444" classname="com.dw.api.automation.steps.CustomerTest"/>
</testsuite> <!-- com.dw.api.automation.steps.CustomerTest -->
