<?xml version="1.0" encoding="UTF-8"?>
<!-- Generated by org.testng.reporters.JUnitReportReporter -->
<testsuite hostname="jagadeesh-ThinkPad-L450" name="com.dw.api.automation.steps.MarketPlaceTest" tests="4" failures="0" timestamp="13 Dec 2017 12:48:21 GMT" time="8.443" errors="0">
  <testcase name="login_to_application" time="3.808" classname="com.dw.api.automation.steps.MarketPlaceTest"/>
  <testcase name="addBaseProductWithThreeLicenses" time="3.270" classname="com.dw.api.automation.steps.MarketPlaceTest"/>
  <testcase name="addAddOnwithFourLicenses" time="0.830" classname="com.dw.api.automation.steps.MarketPlaceTest"/>
  <testcase name="searchBaseProduct" time="0.535" classname="com.dw.api.automation.steps.MarketPlaceTest"/>
</testsuite> <!-- com.dw.api.automation.steps.MarketPlaceTest -->
