<?xml version="1.0" encoding="UTF-8"?>
<!-- Generated by org.testng.reporters.JUnitReportReporter -->
<testsuite hostname="RLE0517" name="com.dw.api.automation.steps.ExistingOrgApiTest" tests="3" failures="0" timestamp="28 Nov 2017 14:57:22 GMT" time="6.836" errors="0">
  <testcase name="validateExistingCustomer" time="2.785" classname="com.dw.api.automation.steps.ExistingOrgApiTest"/>
  <testcase name="login_to_application" time="3.191" classname="com.dw.api.automation.steps.ExistingOrgApiTest"/>
  <testcase name="validateExistingCustomerWithWrongOrganisationName" time="0.860" classname="com.dw.api.automation.steps.ExistingOrgApiTest"/>
</testsuite> <!-- com.dw.api.automation.steps.ExistingOrgApiTest -->
