<?xml version="1.0" encoding="UTF-8"?>
<!-- Generated by org.testng.reporters.JUnitReportReporter -->
<testsuite hostname="RLE0517" name="com.dw.api.automation.steps.ValidateMpnTest" tests="3" failures="0" timestamp="28 Nov 2017 10:16:21 GMT" time="9.947" errors="0">
  <testcase name="mpn_id_is_validated" time="0.000" classname="com.dw.api.automation.steps.ValidateMpnTest"/>
  <testcase name="login_to_application" time="4.736" classname="com.dw.api.automation.steps.ValidateMpnTest"/>
  <testcase name="enter_mpn_id" time="5.211" classname="com.dw.api.automation.steps.ValidateMpnTest"/>
</testsuite> <!-- com.dw.api.automation.steps.ValidateMpnTest -->
