<?xml version="1.0" encoding="UTF-8"?>
<!-- Generated by org.testng.reporters.JUnitReportReporter -->
<testsuite hostname="RLE0517" name="com.dw.api.automation.steps.ValidateMpnTest" tests="3" failures="0" timestamp="28 Nov 2017 11:21:49 GMT" time="18.794" errors="0">
  <testcase name="mpn_id_is_validated" time="0.000" classname="com.dw.api.automation.steps.ValidateMpnTest"/>
  <testcase name="login_to_application" time="5.301" classname="com.dw.api.automation.steps.ValidateMpnTest"/>
  <testcase name="enter_mpn_id" time="13.493" classname="com.dw.api.automation.steps.ValidateMpnTest"/>
</testsuite> <!-- com.dw.api.automation.steps.ValidateMpnTest -->
