<?xml version="1.0" encoding="UTF-8"?>
<!-- Generated by org.testng.reporters.JUnitReportReporter -->
<testsuite hostname="RLE0517" name="com.dw.api.automation.steps.ExistingOrgApiTest" tests="2" failures="0" timestamp="28 Nov 2017 11:21:49 GMT" time="4.507" errors="0">
  <testcase name="login_to_application" time="3.199" classname="com.dw.api.automation.steps.ExistingOrgApiTest"/>
  <testcase name="validateExistingCustomer" time="1.308" classname="com.dw.api.automation.steps.ExistingOrgApiTest"/>
</testsuite> <!-- com.dw.api.automation.steps.ExistingOrgApiTest -->
