<?xml version="1.0" encoding="UTF-8"?>
<!-- Generated by org.testng.reporters.JUnitReportReporter -->
<testsuite hostname="RLE0517" name="com.dw.api.automation.steps.ExistingOrgApiTest" tests="2" failures="0" timestamp="28 Nov 2017 12:20:57 GMT" time="4.362" errors="0">
  <testcase name="validateExistingCustomer" time="1.119" classname="com.dw.api.automation.steps.ExistingOrgApiTest"/>
  <testcase name="login_to_application" time="3.243" classname="com.dw.api.automation.steps.ExistingOrgApiTest"/>
</testsuite> <!-- com.dw.api.automation.steps.ExistingOrgApiTest -->
